  [1m[36m (1.6ms)[0m  [1mCREATE TABLE "schema_migrations" ("version" varchar NOT NULL) [0m
  [1m[35m (0.5ms)[0m  select sqlite_version(*)
  [1m[36m (1.4ms)[0m  [1mCREATE UNIQUE INDEX "unique_schema_migrations" ON "schema_migrations" ("version")[0m
  [1m[35mActiveRecord::SchemaMigration Load (0.1ms)[0m  SELECT "schema_migrations".* FROM "schema_migrations"
Migrating to CreateImports (20170123174122)
  [1m[36m (0.1ms)[0m  [1mbegin transaction[0m
  [1m[35m (0.4ms)[0m  CREATE TABLE "imports" ("id" INTEGER PRIMARY KEY AUTOINCREMENT NOT NULL, "row_id" integer, "text" varchar, "created_at" datetime NOT NULL, "updated_at" datetime NOT NULL) 
  [1m[36mSQL (0.2ms)[0m  [1mINSERT INTO "schema_migrations" ("version") VALUES (?)[0m  [["version", "20170123174122"]]
  [1m[35m (1.0ms)[0m  commit transaction
  [1m[36mActiveRecord::SchemaMigration Load (0.1ms)[0m  [1mSELECT "schema_migrations".* FROM "schema_migrations"[0m
  [1m[36mActiveRecord::SchemaMigration Load (0.4ms)[0m  [1mSELECT "schema_migrations".* FROM "schema_migrations"[0m
  [1m[36mActiveRecord::SchemaMigration Load (0.6ms)[0m  [1mSELECT "schema_migrations".* FROM "schema_migrations"[0m
  [1m[36mActiveRecord::SchemaMigration Load (0.6ms)[0m  [1mSELECT "schema_migrations".* FROM "schema_migrations"[0m
  [1m[36mActiveRecord::SchemaMigration Load (0.7ms)[0m  [1mSELECT "schema_migrations".* FROM "schema_migrations"[0m
  [1m[36mActiveRecord::SchemaMigration Load (0.5ms)[0m  [1mSELECT "schema_migrations".* FROM "schema_migrations"[0m
  [1m[35mActiveRecord::SchemaMigration Load (0.1ms)[0m  SELECT "schema_migrations".* FROM "schema_migrations"
  [1m[36mActiveRecord::SchemaMigration Load (0.6ms)[0m  [1mSELECT "schema_migrations".* FROM "schema_migrations"[0m
  [1m[36mActiveRecord::SchemaMigration Load (0.5ms)[0m  [1mSELECT "schema_migrations".* FROM "schema_migrations"[0m
  [1m[36mActiveRecord::SchemaMigration Load (0.5ms)[0m  [1mSELECT "schema_migrations".* FROM "schema_migrations"[0m
  [1m[36mActiveRecord::SchemaMigration Load (0.5ms)[0m  [1mSELECT "schema_migrations".* FROM "schema_migrations"[0m
  [1m[36mActiveRecord::SchemaMigration Load (0.4ms)[0m  [1mSELECT "schema_migrations".* FROM "schema_migrations"[0m
  [1m[36mActiveRecord::SchemaMigration Load (0.4ms)[0m  [1mSELECT "schema_migrations".* FROM "schema_migrations"[0m
  [1m[36mActiveRecord::SchemaMigration Load (0.4ms)[0m  [1mSELECT "schema_migrations".* FROM "schema_migrations"[0m
  [1m[36mActiveRecord::SchemaMigration Load (0.5ms)[0m  [1mSELECT "schema_migrations".* FROM "schema_migrations"[0m
  [1m[36mActiveRecord::SchemaMigration Load (0.6ms)[0m  [1mSELECT "schema_migrations".* FROM "schema_migrations"[0m
  [1m[36mActiveRecord::SchemaMigration Load (0.5ms)[0m  [1mSELECT "schema_migrations".* FROM "schema_migrations"[0m
  [1m[36mActiveRecord::SchemaMigration Load (0.6ms)[0m  [1mSELECT "schema_migrations".* FROM "schema_migrations"[0m
  [1m[36mActiveRecord::SchemaMigration Load (0.4ms)[0m  [1mSELECT "schema_migrations".* FROM "schema_migrations"[0m
  [1m[36mActiveRecord::SchemaMigration Load (0.5ms)[0m  [1mSELECT "schema_migrations".* FROM "schema_migrations"[0m
  [1m[36mActiveRecord::SchemaMigration Load (0.5ms)[0m  [1mSELECT "schema_migrations".* FROM "schema_migrations"[0m
  [1m[36mActiveRecord::SchemaMigration Load (0.4ms)[0m  [1mSELECT "schema_migrations".* FROM "schema_migrations"[0m
  [1m[36mActiveRecord::SchemaMigration Load (0.5ms)[0m  [1mSELECT "schema_migrations".* FROM "schema_migrations"[0m
  [1m[36mActiveRecord::SchemaMigration Load (0.6ms)[0m  [1mSELECT "schema_migrations".* FROM "schema_migrations"[0m
  [1m[36mActiveRecord::SchemaMigration Load (0.1ms)[0m  [1mSELECT "schema_migrations".* FROM "schema_migrations"[0m
  [1m[36mActiveRecord::SchemaMigration Load (0.6ms)[0m  [1mSELECT "schema_migrations".* FROM "schema_migrations"[0m
  [1m[35m (0.1ms)[0m  begin transaction
  [1m[36m (0.1ms)[0m  [1mrollback transaction[0m
  [1m[35m (0.1ms)[0m  begin transaction
  [1m[36m (0.1ms)[0m  [1mrollback transaction[0m
  [1m[35m (0.1ms)[0m  begin transaction
  [1m[36m (0.1ms)[0m  [1mrollback transaction[0m
  [1m[35m (0.1ms)[0m  begin transaction
  [1m[36m (0.1ms)[0m  [1mrollback transaction[0m
  [1m[35m (0.1ms)[0m  begin transaction
  [1m[36m (0.1ms)[0m  [1mrollback transaction[0m
  [1m[35m (0.1ms)[0m  begin transaction
  [1m[36m (0.1ms)[0m  [1mrollback transaction[0m
  [1m[35m (0.1ms)[0m  begin transaction
  [1m[36m (0.1ms)[0m  [1mrollback transaction[0m
  [1m[35m (0.2ms)[0m  begin transaction
  [1m[36mSQL (1.3ms)[0m  [1mINSERT INTO "imports" ("text", "created_at", "updated_at") VALUES (?, ?, ?)[0m  [["text", "LI10 3QP"], ["created_at", "2017-01-24 20:53:28.758878"], ["updated_at", "2017-01-24 20:53:28.758878"]]
  [1m[35m (1.2ms)[0m  commit transaction
  [1m[36m (0.2ms)[0m  [1mbegin transaction[0m
  [1m[35mSQL (0.4ms)[0m  INSERT INTO "imports" ("text", "created_at", "updated_at") VALUES (?, ?, ?)  [["text", "LJ10 3QP"], ["created_at", "2017-01-24 20:53:28.770061"], ["updated_at", "2017-01-24 20:53:28.770061"]]
  [1m[36m (1.0ms)[0m  [1mcommit transaction[0m
  [1m[35m (0.2ms)[0m  begin transaction
  [1m[36mSQL (0.3ms)[0m  [1mINSERT INTO "imports" ("text", "created_at", "updated_at") VALUES (?, ?, ?)[0m  [["text", "LZ10 3QP"], ["created_at", "2017-01-24 20:53:28.774454"], ["updated_at", "2017-01-24 20:53:28.774454"]]
  [1m[35m (4.4ms)[0m  commit transaction
  [1m[36m (0.2ms)[0m  [1mbegin transaction[0m
  [1m[35m (0.2ms)[0m  rollback transaction
  [1m[36m (0.2ms)[0m  [1mbegin transaction[0m
  [1m[35m (0.1ms)[0m  rollback transaction
  [1m[36m (0.1ms)[0m  [1mbegin transaction[0m
  [1m[35mSQL (0.3ms)[0m  INSERT INTO "imports" ("text", "created_at", "updated_at") VALUES (?, ?, ?)  [["text", "FY10 4PL"], ["created_at", "2017-01-24 20:53:28.796215"], ["updated_at", "2017-01-24 20:53:28.796215"]]
  [1m[36m (1.0ms)[0m  [1mcommit transaction[0m
  [1m[35m (0.1ms)[0m  begin transaction
  [1m[36mSQL (0.3ms)[0m  [1mINSERT INTO "imports" ("text", "created_at", "updated_at") VALUES (?, ?, ?)[0m  [["text", "SO1 4QQ"], ["created_at", "2017-01-24 20:53:28.802206"], ["updated_at", "2017-01-24 20:53:28.802206"]]
  [1m[35m (1.5ms)[0m  commit transaction
  [1m[36m (0.2ms)[0m  [1mbegin transaction[0m
  [1m[35mSQL (0.6ms)[0m  INSERT INTO "imports" ("text", "created_at", "updated_at") VALUES (?, ?, ?)  [["text", "EC1A 1BB"], ["created_at", "2017-01-24 20:53:28.808494"], ["updated_at", "2017-01-24 20:53:28.808494"]]
  [1m[36m (0.9ms)[0m  [1mcommit transaction[0m
  [1m[35m (0.1ms)[0m  begin transaction
  [1m[36m (0.1ms)[0m  [1mrollback transaction[0m
  [1m[35m (0.1ms)[0m  begin transaction
  [1m[36mSQL (0.3ms)[0m  [1mINSERT INTO "imports" ("text", "created_at", "updated_at") VALUES (?, ?, ?)[0m  [["text", "M1 1AE"], ["created_at", "2017-01-24 20:53:28.820559"], ["updated_at", "2017-01-24 20:53:28.820559"]]
  [1m[35m (1.4ms)[0m  commit transaction
  [1m[36m (0.1ms)[0m  [1mbegin transaction[0m
  [1m[35mSQL (0.4ms)[0m  INSERT INTO "imports" ("text", "created_at", "updated_at") VALUES (?, ?, ?)  [["text", "B33 8TH"], ["created_at", "2017-01-24 20:53:28.825576"], ["updated_at", "2017-01-24 20:53:28.825576"]]
  [1m[36m (0.9ms)[0m  [1mcommit transaction[0m
  [1m[35m (0.1ms)[0m  begin transaction
  [1m[36mSQL (0.3ms)[0m  [1mINSERT INTO "imports" ("text", "created_at", "updated_at") VALUES (?, ?, ?)[0m  [["text", "CR2 6XH"], ["created_at", "2017-01-24 20:53:28.832877"], ["updated_at", "2017-01-24 20:53:28.832877"]]
  [1m[35m (1.2ms)[0m  commit transaction
  [1m[36m (0.1ms)[0m  [1mbegin transaction[0m
  [1m[35mSQL (0.3ms)[0m  INSERT INTO "imports" ("text", "created_at", "updated_at") VALUES (?, ?, ?)  [["text", "DN55 1PT"], ["created_at", "2017-01-24 20:53:28.838691"], ["updated_at", "2017-01-24 20:53:28.838691"]]
  [1m[36m (1.6ms)[0m  [1mcommit transaction[0m
  [1m[35m (0.4ms)[0m  begin transaction
  [1m[36mSQL (0.3ms)[0m  [1mINSERT INTO "imports" ("text", "created_at", "updated_at") VALUES (?, ?, ?)[0m  [["text", "GIR 0AA"], ["created_at", "2017-01-24 20:53:28.845468"], ["updated_at", "2017-01-24 20:53:28.845468"]]
  [1m[35m (1.3ms)[0m  commit transaction
  [1m[36m (0.1ms)[0m  [1mbegin transaction[0m
  [1m[35mSQL (0.3ms)[0m  INSERT INTO "imports" ("text", "created_at", "updated_at") VALUES (?, ?, ?)  [["text", "SO10 9AA"], ["created_at", "2017-01-24 20:53:28.850554"], ["updated_at", "2017-01-24 20:53:28.850554"]]
  [1m[36m (0.9ms)[0m  [1mcommit transaction[0m
  [1m[35m (0.1ms)[0m  begin transaction
  [1m[36mSQL (0.3ms)[0m  [1mINSERT INTO "imports" ("text", "created_at", "updated_at") VALUES (?, ?, ?)[0m  [["text", "FY9 9AA"], ["created_at", "2017-01-24 20:53:28.855299"], ["updated_at", "2017-01-24 20:53:28.855299"]]
  [1m[35m (0.9ms)[0m  commit transaction
  [1m[36m (0.1ms)[0m  [1mbegin transaction[0m
  [1m[35mSQL (0.3ms)[0m  INSERT INTO "imports" ("text", "created_at", "updated_at") VALUES (?, ?, ?)  [["text", "WC1A 9AA"], ["created_at", "2017-01-24 20:53:28.860179"], ["updated_at", "2017-01-24 20:53:28.860179"]]
  [1m[36m (1.2ms)[0m  [1mcommit transaction[0m
  [1m[35m (0.2ms)[0m  SELECT COUNT(*) FROM "imports"


Started GET "/" for ::1 at 2017-01-26 18:17:03 +0000
  [1m[36mActiveRecord::SchemaMigration Load (0.4ms)[0m  [1mSELECT "schema_migrations".* FROM "schema_migrations"[0m
Processing by WelcomeController#index as HTML
  Rendered welcome/index.html.erb within layouts/application (2.7ms)
Completed 500 Internal Server Error in 33ms (ActiveRecord: 0.0ms)

SyntaxError (/Users/Curtis/Postcode/app/views/welcome/index.html.erb:12: syntax error, unexpected keyword_ensure, expecting keyword_end
/Users/Curtis/Postcode/app/views/welcome/index.html.erb:14: syntax error, unexpected end-of-input, expecting keyword_end):
  app/views/welcome/index.html.erb:12: syntax error, unexpected keyword_ensure, expecting keyword_end
  app/views/welcome/index.html.erb:14: syntax error, unexpected end-of-input, expecting keyword_end


  Rendered /Users/Curtis/.tokaido/Gems/2.2.0/gems/actionpack-4.2.1/lib/action_dispatch/middleware/templates/rescues/_source.erb (19.9ms)
  Rendered /Users/Curtis/.tokaido/Gems/2.2.0/gems/actionpack-4.2.1/lib/action_dispatch/middleware/templates/rescues/_trace.html.erb (5.5ms)
  Rendered /Users/Curtis/.tokaido/Gems/2.2.0/gems/actionpack-4.2.1/lib/action_dispatch/middleware/templates/rescues/_request_and_response.html.erb (2.2ms)
  Rendered /Users/Curtis/.tokaido/Gems/2.2.0/gems/actionpack-4.2.1/lib/action_dispatch/middleware/templates/rescues/diagnostics.html.erb within rescues/layout (111.2ms)
  Rendered /Users/Curtis/.tokaido/Gems/2.2.0/gems/web-console-2.1.2/lib/web_console/templates/_markup.html.erb (0.7ms)
  Rendered /Users/Curtis/.tokaido/Gems/2.2.0/gems/web-console-2.1.2/lib/web_console/templates/style.css.erb within layouts/inlined_string (0.5ms)
  Rendered /Users/Curtis/.tokaido/Gems/2.2.0/gems/web-console-2.1.2/lib/web_console/templates/_inner_console_markup.html.erb within layouts/inlined_string (0.5ms)
  Rendered /Users/Curtis/.tokaido/Gems/2.2.0/gems/web-console-2.1.2/lib/web_console/templates/_prompt_box_markup.html.erb within layouts/inlined_string (0.5ms)
  Rendered /Users/Curtis/.tokaido/Gems/2.2.0/gems/web-console-2.1.2/lib/web_console/templates/console.js.erb within layouts/javascript (75.3ms)
  Rendered /Users/Curtis/.tokaido/Gems/2.2.0/gems/web-console-2.1.2/lib/web_console/templates/main.js.erb within layouts/javascript (0.8ms)
  Rendered /Users/Curtis/.tokaido/Gems/2.2.0/gems/web-console-2.1.2/lib/web_console/templates/error_page.js.erb within layouts/javascript (0.7ms)
  Rendered /Users/Curtis/.tokaido/Gems/2.2.0/gems/web-console-2.1.2/lib/web_console/templates/index.html.erb (189.2ms)


Started GET "/" for ::1 at 2017-01-26 18:17:04 +0000
Processing by WelcomeController#index as HTML
  Rendered welcome/index.html.erb within layouts/application (1.4ms)
Completed 500 Internal Server Error in 6ms (ActiveRecord: 0.0ms)

SyntaxError (/Users/Curtis/Postcode/app/views/welcome/index.html.erb:12: syntax error, unexpected keyword_ensure, expecting keyword_end
/Users/Curtis/Postcode/app/views/welcome/index.html.erb:14: syntax error, unexpected end-of-input, expecting keyword_end):
  app/views/welcome/index.html.erb:12: syntax error, unexpected keyword_ensure, expecting keyword_end
  app/views/welcome/index.html.erb:14: syntax error, unexpected end-of-input, expecting keyword_end


  Rendered /Users/Curtis/.tokaido/Gems/2.2.0/gems/actionpack-4.2.1/lib/action_dispatch/middleware/templates/rescues/_source.erb (15.0ms)
  Rendered /Users/Curtis/.tokaido/Gems/2.2.0/gems/actionpack-4.2.1/lib/action_dispatch/middleware/templates/rescues/_trace.html.erb (5.4ms)
  Rendered /Users/Curtis/.tokaido/Gems/2.2.0/gems/actionpack-4.2.1/lib/action_dispatch/middleware/templates/rescues/_request_and_response.html.erb (1.6ms)
  Rendered /Users/Curtis/.tokaido/Gems/2.2.0/gems/actionpack-4.2.1/lib/action_dispatch/middleware/templates/rescues/diagnostics.html.erb within rescues/layout (89.4ms)
  Rendered /Users/Curtis/.tokaido/Gems/2.2.0/gems/web-console-2.1.2/lib/web_console/templates/_markup.html.erb (0.7ms)
  Rendered /Users/Curtis/.tokaido/Gems/2.2.0/gems/web-console-2.1.2/lib/web_console/templates/style.css.erb within layouts/inlined_string (0.6ms)
  Rendered /Users/Curtis/.tokaido/Gems/2.2.0/gems/web-console-2.1.2/lib/web_console/templates/_inner_console_markup.html.erb within layouts/inlined_string (0.5ms)
  Rendered /Users/Curtis/.tokaido/Gems/2.2.0/gems/web-console-2.1.2/lib/web_console/templates/_prompt_box_markup.html.erb within layouts/inlined_string (0.5ms)
  Rendered /Users/Curtis/.tokaido/Gems/2.2.0/gems/web-console-2.1.2/lib/web_console/templates/console.js.erb within layouts/javascript (68.9ms)
  Rendered /Users/Curtis/.tokaido/Gems/2.2.0/gems/web-console-2.1.2/lib/web_console/templates/main.js.erb within layouts/javascript (0.5ms)
  Rendered /Users/Curtis/.tokaido/Gems/2.2.0/gems/web-console-2.1.2/lib/web_console/templates/error_page.js.erb within layouts/javascript (0.9ms)
  Rendered /Users/Curtis/.tokaido/Gems/2.2.0/gems/web-console-2.1.2/lib/web_console/templates/index.html.erb (152.0ms)


Started GET "/" for ::1 at 2017-01-26 18:17:29 +0000
Processing by WelcomeController#index as HTML
  Rendered welcome/index.html.erb within layouts/application (3.0ms)
Completed 500 Internal Server Error in 8ms (ActiveRecord: 0.0ms)

SyntaxError (/Users/Curtis/Postcode/app/views/welcome/index.html.erb:12: syntax error, unexpected keyword_ensure, expecting keyword_end
/Users/Curtis/Postcode/app/views/welcome/index.html.erb:14: syntax error, unexpected end-of-input, expecting keyword_end):
  app/views/welcome/index.html.erb:12: syntax error, unexpected keyword_ensure, expecting keyword_end
  app/views/welcome/index.html.erb:14: syntax error, unexpected end-of-input, expecting keyword_end


  Rendered /Users/Curtis/.tokaido/Gems/2.2.0/gems/actionpack-4.2.1/lib/action_dispatch/middleware/templates/rescues/_source.erb (25.2ms)
  Rendered /Users/Curtis/.tokaido/Gems/2.2.0/gems/actionpack-4.2.1/lib/action_dispatch/middleware/templates/rescues/_trace.html.erb (5.5ms)
  Rendered /Users/Curtis/.tokaido/Gems/2.2.0/gems/actionpack-4.2.1/lib/action_dispatch/middleware/templates/rescues/_request_and_response.html.erb (1.5ms)
  Rendered /Users/Curtis/.tokaido/Gems/2.2.0/gems/actionpack-4.2.1/lib/action_dispatch/middleware/templates/rescues/diagnostics.html.erb within rescues/layout (104.5ms)
  Rendered /Users/Curtis/.tokaido/Gems/2.2.0/gems/web-console-2.1.2/lib/web_console/templates/_markup.html.erb (0.7ms)
  Rendered /Users/Curtis/.tokaido/Gems/2.2.0/gems/web-console-2.1.2/lib/web_console/templates/style.css.erb within layouts/inlined_string (0.7ms)
  Rendered /Users/Curtis/.tokaido/Gems/2.2.0/gems/web-console-2.1.2/lib/web_console/templates/_inner_console_markup.html.erb within layouts/inlined_string (0.6ms)
  Rendered /Users/Curtis/.tokaido/Gems/2.2.0/gems/web-console-2.1.2/lib/web_console/templates/_prompt_box_markup.html.erb within layouts/inlined_string (0.7ms)
  Rendered /Users/Curtis/.tokaido/Gems/2.2.0/gems/web-console-2.1.2/lib/web_console/templates/console.js.erb within layouts/javascript (71.5ms)
  Rendered /Users/Curtis/.tokaido/Gems/2.2.0/gems/web-console-2.1.2/lib/web_console/templates/main.js.erb within layouts/javascript (1.1ms)
  Rendered /Users/Curtis/.tokaido/Gems/2.2.0/gems/web-console-2.1.2/lib/web_console/templates/error_page.js.erb within layouts/javascript (0.9ms)
  Rendered /Users/Curtis/.tokaido/Gems/2.2.0/gems/web-console-2.1.2/lib/web_console/templates/index.html.erb (165.2ms)


Started GET "/" for ::1 at 2017-01-26 18:18:50 +0000
Processing by WelcomeController#index as HTML
  Rendered welcome/index.html.erb within layouts/application (7.7ms)
Completed 500 Internal Server Error in 22ms (ActiveRecord: 0.0ms)

SyntaxError (/Users/Curtis/Postcode/app/views/welcome/index.html.erb:12: syntax error, unexpected keyword_ensure, expecting keyword_end
/Users/Curtis/Postcode/app/views/welcome/index.html.erb:14: syntax error, unexpected end-of-input, expecting keyword_end):
  app/views/welcome/index.html.erb:12: syntax error, unexpected keyword_ensure, expecting keyword_end
  app/views/welcome/index.html.erb:14: syntax error, unexpected end-of-input, expecting keyword_end


  Rendered /Users/Curtis/.tokaido/Gems/2.2.0/gems/actionpack-4.2.1/lib/action_dispatch/middleware/templates/rescues/_source.erb (16.4ms)
  Rendered /Users/Curtis/.tokaido/Gems/2.2.0/gems/actionpack-4.2.1/lib/action_dispatch/middleware/templates/rescues/_trace.html.erb (5.5ms)
  Rendered /Users/Curtis/.tokaido/Gems/2.2.0/gems/actionpack-4.2.1/lib/action_dispatch/middleware/templates/rescues/_request_and_response.html.erb (2.8ms)
  Rendered /Users/Curtis/.tokaido/Gems/2.2.0/gems/actionpack-4.2.1/lib/action_dispatch/middleware/templates/rescues/diagnostics.html.erb within rescues/layout (110.0ms)
  Rendered /Users/Curtis/.tokaido/Gems/2.2.0/gems/web-console-2.1.2/lib/web_console/templates/_markup.html.erb (0.7ms)
  Rendered /Users/Curtis/.tokaido/Gems/2.2.0/gems/web-console-2.1.2/lib/web_console/templates/style.css.erb within layouts/inlined_string (0.7ms)
  Rendered /Users/Curtis/.tokaido/Gems/2.2.0/gems/web-console-2.1.2/lib/web_console/templates/_inner_console_markup.html.erb within layouts/inlined_string (0.6ms)
  Rendered /Users/Curtis/.tokaido/Gems/2.2.0/gems/web-console-2.1.2/lib/web_console/templates/_prompt_box_markup.html.erb within layouts/inlined_string (0.7ms)
  Rendered /Users/Curtis/.tokaido/Gems/2.2.0/gems/web-console-2.1.2/lib/web_console/templates/console.js.erb within layouts/javascript (96.1ms)
  Rendered /Users/Curtis/.tokaido/Gems/2.2.0/gems/web-console-2.1.2/lib/web_console/templates/main.js.erb within layouts/javascript (0.9ms)
  Rendered /Users/Curtis/.tokaido/Gems/2.2.0/gems/web-console-2.1.2/lib/web_console/templates/error_page.js.erb within layouts/javascript (1.3ms)
  Rendered /Users/Curtis/.tokaido/Gems/2.2.0/gems/web-console-2.1.2/lib/web_console/templates/index.html.erb (212.5ms)


Started GET "/" for ::1 at 2017-01-26 18:22:26 +0000
Processing by WelcomeController#index as HTML
  Rendered welcome/index.html.erb within layouts/application (13.0ms)
Completed 500 Internal Server Error in 42ms (ActiveRecord: 0.0ms)

ActionView::Template::Error (undefined method `each' for nil:NilClass):
    2: 
    3: 
    4: <ul>
    5: <%= @imports.each do |p| %>
    6: <li><%= p.row_id%></li>
    7: <li><%= p.text%></li>
    8: <% end %>
  app/views/welcome/index.html.erb:5:in `_app_views_welcome_index_html_erb___800744354816387892_70112828853220'


  Rendered /Users/Curtis/.tokaido/Gems/2.2.0/gems/actionpack-4.2.1/lib/action_dispatch/middleware/templates/rescues/_source.erb (17.9ms)
  Rendered /Users/Curtis/.tokaido/Gems/2.2.0/gems/actionpack-4.2.1/lib/action_dispatch/middleware/templates/rescues/_trace.html.erb (6.3ms)
  Rendered /Users/Curtis/.tokaido/Gems/2.2.0/gems/actionpack-4.2.1/lib/action_dispatch/middleware/templates/rescues/_request_and_response.html.erb (2.0ms)
  Rendered /Users/Curtis/.tokaido/Gems/2.2.0/gems/actionpack-4.2.1/lib/action_dispatch/middleware/templates/rescues/template_error.html.erb within rescues/layout (104.7ms)
  Rendered /Users/Curtis/.tokaido/Gems/2.2.0/gems/web-console-2.1.2/lib/web_console/templates/_markup.html.erb (0.8ms)
  Rendered /Users/Curtis/.tokaido/Gems/2.2.0/gems/web-console-2.1.2/lib/web_console/templates/style.css.erb within layouts/inlined_string (0.6ms)
  Rendered /Users/Curtis/.tokaido/Gems/2.2.0/gems/web-console-2.1.2/lib/web_console/templates/_inner_console_markup.html.erb within layouts/inlined_string (0.6ms)
  Rendered /Users/Curtis/.tokaido/Gems/2.2.0/gems/web-console-2.1.2/lib/web_console/templates/_prompt_box_markup.html.erb within layouts/inlined_string (0.5ms)
  Rendered /Users/Curtis/.tokaido/Gems/2.2.0/gems/web-console-2.1.2/lib/web_console/templates/console.js.erb within layouts/javascript (71.1ms)
  Rendered /Users/Curtis/.tokaido/Gems/2.2.0/gems/web-console-2.1.2/lib/web_console/templates/main.js.erb within layouts/javascript (0.6ms)
  Rendered /Users/Curtis/.tokaido/Gems/2.2.0/gems/web-console-2.1.2/lib/web_console/templates/error_page.js.erb within layouts/javascript (1.0ms)
  Rendered /Users/Curtis/.tokaido/Gems/2.2.0/gems/web-console-2.1.2/lib/web_console/templates/index.html.erb (170.8ms)


Started GET "/" for ::1 at 2017-01-26 18:25:17 +0000
Processing by WelcomeController#index as HTML
  [1m[35mImport Load (0.2ms)[0m  SELECT  "imports".* FROM "imports" WHERE "imports"."id" = ? LIMIT 1  [["id", nil]]
Completed 404 Not Found in 54ms (ActiveRecord: 0.8ms)

ActiveRecord::RecordNotFound (Couldn't find Import with 'id'=):
  app/controllers/welcome_controller.rb:3:in `index'


  Rendered /Users/Curtis/.tokaido/Gems/2.2.0/gems/actionpack-4.2.1/lib/action_dispatch/middleware/templates/rescues/_source.erb (10.8ms)
  Rendered /Users/Curtis/.tokaido/Gems/2.2.0/gems/actionpack-4.2.1/lib/action_dispatch/middleware/templates/rescues/_trace.html.erb (4.5ms)
  Rendered /Users/Curtis/.tokaido/Gems/2.2.0/gems/actionpack-4.2.1/lib/action_dispatch/middleware/templates/rescues/_request_and_response.html.erb (1.6ms)
  Rendered /Users/Curtis/.tokaido/Gems/2.2.0/gems/actionpack-4.2.1/lib/action_dispatch/middleware/templates/rescues/diagnostics.html.erb within rescues/layout (86.9ms)
  Rendered /Users/Curtis/.tokaido/Gems/2.2.0/gems/web-console-2.1.2/lib/web_console/templates/_markup.html.erb (0.6ms)
  Rendered /Users/Curtis/.tokaido/Gems/2.2.0/gems/web-console-2.1.2/lib/web_console/templates/style.css.erb within layouts/inlined_string (0.5ms)
  Rendered /Users/Curtis/.tokaido/Gems/2.2.0/gems/web-console-2.1.2/lib/web_console/templates/_inner_console_markup.html.erb within layouts/inlined_string (0.5ms)
  Rendered /Users/Curtis/.tokaido/Gems/2.2.0/gems/web-console-2.1.2/lib/web_console/templates/_prompt_box_markup.html.erb within layouts/inlined_string (0.5ms)
  Rendered /Users/Curtis/.tokaido/Gems/2.2.0/gems/web-console-2.1.2/lib/web_console/templates/console.js.erb within layouts/javascript (69.4ms)
  Rendered /Users/Curtis/.tokaido/Gems/2.2.0/gems/web-console-2.1.2/lib/web_console/templates/main.js.erb within layouts/javascript (0.5ms)
  Rendered /Users/Curtis/.tokaido/Gems/2.2.0/gems/web-console-2.1.2/lib/web_console/templates/error_page.js.erb within layouts/javascript (0.7ms)
  Rendered /Users/Curtis/.tokaido/Gems/2.2.0/gems/web-console-2.1.2/lib/web_console/templates/index.html.erb (149.0ms)


Started GET "/" for ::1 at 2017-01-26 18:25:46 +0000
Processing by WelcomeController#index as HTML
  [1m[36mImport Load (0.1ms)[0m  [1mSELECT  "imports".* FROM "imports" WHERE "imports"."id" = ? LIMIT 1[0m  [["id", nil]]
Completed 404 Not Found in 8ms (ActiveRecord: 0.7ms)

ActiveRecord::RecordNotFound (Couldn't find Import with 'id'=):
  app/controllers/welcome_controller.rb:3:in `index'


  Rendered /Users/Curtis/.tokaido/Gems/2.2.0/gems/actionpack-4.2.1/lib/action_dispatch/middleware/templates/rescues/_source.erb (11.2ms)
  Rendered /Users/Curtis/.tokaido/Gems/2.2.0/gems/actionpack-4.2.1/lib/action_dispatch/middleware/templates/rescues/_trace.html.erb (4.3ms)
  Rendered /Users/Curtis/.tokaido/Gems/2.2.0/gems/actionpack-4.2.1/lib/action_dispatch/middleware/templates/rescues/_request_and_response.html.erb (1.6ms)
  Rendered /Users/Curtis/.tokaido/Gems/2.2.0/gems/actionpack-4.2.1/lib/action_dispatch/middleware/templates/rescues/diagnostics.html.erb within rescues/layout (83.4ms)
  Rendered /Users/Curtis/.tokaido/Gems/2.2.0/gems/web-console-2.1.2/lib/web_console/templates/_markup.html.erb (0.6ms)
  Rendered /Users/Curtis/.tokaido/Gems/2.2.0/gems/web-console-2.1.2/lib/web_console/templates/style.css.erb within layouts/inlined_string (0.8ms)
  Rendered /Users/Curtis/.tokaido/Gems/2.2.0/gems/web-console-2.1.2/lib/web_console/templates/_inner_console_markup.html.erb within layouts/inlined_string (0.5ms)
  Rendered /Users/Curtis/.tokaido/Gems/2.2.0/gems/web-console-2.1.2/lib/web_console/templates/_prompt_box_markup.html.erb within layouts/inlined_string (0.5ms)
  Rendered /Users/Curtis/.tokaido/Gems/2.2.0/gems/web-console-2.1.2/lib/web_console/templates/console.js.erb within layouts/javascript (74.4ms)
  Rendered /Users/Curtis/.tokaido/Gems/2.2.0/gems/web-console-2.1.2/lib/web_console/templates/main.js.erb within layouts/javascript (0.6ms)
  Rendered /Users/Curtis/.tokaido/Gems/2.2.0/gems/web-console-2.1.2/lib/web_console/templates/error_page.js.erb within layouts/javascript (1.9ms)
  Rendered /Users/Curtis/.tokaido/Gems/2.2.0/gems/web-console-2.1.2/lib/web_console/templates/index.html.erb (160.9ms)


Started GET "/" for ::1 at 2017-01-26 18:27:16 +0000
Processing by WelcomeController#index as HTML
  Rendered welcome/index.html.erb within layouts/application (7.8ms)
Completed 500 Internal Server Error in 28ms (ActiveRecord: 0.0ms)

ActionView::Template::Error (undefined method `each' for nil:NilClass):
    2: 
    3: 
    4: <ul>
    5: <%= @imports.each do |p| %>
    6: <li><%= p.row_id%></li>
    7: <li><%= p.text%></li>
    8: <% end %>
  app/views/welcome/index.html.erb:5:in `_app_views_welcome_index_html_erb___800744354816387892_70112828853220'


  Rendered /Users/Curtis/.tokaido/Gems/2.2.0/gems/actionpack-4.2.1/lib/action_dispatch/middleware/templates/rescues/_source.erb (18.6ms)
  Rendered /Users/Curtis/.tokaido/Gems/2.2.0/gems/actionpack-4.2.1/lib/action_dispatch/middleware/templates/rescues/_trace.html.erb (6.4ms)
  Rendered /Users/Curtis/.tokaido/Gems/2.2.0/gems/actionpack-4.2.1/lib/action_dispatch/middleware/templates/rescues/_request_and_response.html.erb (1.8ms)
  Rendered /Users/Curtis/.tokaido/Gems/2.2.0/gems/actionpack-4.2.1/lib/action_dispatch/middleware/templates/rescues/template_error.html.erb within rescues/layout (99.9ms)
  Rendered /Users/Curtis/.tokaido/Gems/2.2.0/gems/web-console-2.1.2/lib/web_console/templates/_markup.html.erb (0.6ms)
  Rendered /Users/Curtis/.tokaido/Gems/2.2.0/gems/web-console-2.1.2/lib/web_console/templates/style.css.erb within layouts/inlined_string (0.6ms)
  Rendered /Users/Curtis/.tokaido/Gems/2.2.0/gems/web-console-2.1.2/lib/web_console/templates/_inner_console_markup.html.erb within layouts/inlined_string (0.6ms)
  Rendered /Users/Curtis/.tokaido/Gems/2.2.0/gems/web-console-2.1.2/lib/web_console/templates/_prompt_box_markup.html.erb within layouts/inlined_string (0.5ms)
  Rendered /Users/Curtis/.tokaido/Gems/2.2.0/gems/web-console-2.1.2/lib/web_console/templates/console.js.erb within layouts/javascript (71.9ms)
  Rendered /Users/Curtis/.tokaido/Gems/2.2.0/gems/web-console-2.1.2/lib/web_console/templates/main.js.erb within layouts/javascript (0.6ms)
  Rendered /Users/Curtis/.tokaido/Gems/2.2.0/gems/web-console-2.1.2/lib/web_console/templates/error_page.js.erb within layouts/javascript (1.1ms)
  Rendered /Users/Curtis/.tokaido/Gems/2.2.0/gems/web-console-2.1.2/lib/web_console/templates/index.html.erb (147.8ms)


Started GET "/" for ::1 at 2017-01-26 18:28:19 +0000
Processing by WelcomeController#index as HTML
  [1m[35mImport Load (1.1ms)[0m  SELECT "imports".* FROM "imports"
  Rendered welcome/index.html.erb within layouts/application (40.0ms)
Completed 200 OK in 2873ms (Views: 2854.0ms | ActiveRecord: 1.7ms)


Started GET "/assets/validation.self-e3b0c44298fc1c149afbf4c8996fb92427ae41e4649b934ca495991b7852b855.css?body=1" for ::1 at 2017-01-26 18:28:22 +0000


Started GET "/assets/validation.self-877aef30ae1b040ab8a3aba4e3e309a11d7f2612f44dde450b5c157aa5f95c05.js?body=1" for ::1 at 2017-01-26 18:28:22 +0000
  [1m[36m (1.5ms)[0m  [1mCREATE TABLE "imports" ("id" INTEGER PRIMARY KEY AUTOINCREMENT NOT NULL, "row_id" integer, "text" varchar, "created_at" datetime NOT NULL, "updated_at" datetime NOT NULL) [0m
  [1m[35m (1.6ms)[0m  CREATE TABLE "schema_migrations" ("version" varchar NOT NULL) 
  [1m[36m (0.8ms)[0m  [1mselect sqlite_version(*)[0m
  [1m[35m (1.0ms)[0m  CREATE UNIQUE INDEX "unique_schema_migrations" ON "schema_migrations" ("version")
  [1m[36m (0.2ms)[0m  [1mSELECT version FROM "schema_migrations"[0m
  [1m[35m (0.9ms)[0m  INSERT INTO "schema_migrations" (version) VALUES ('20170123174122')
  [1m[36m (1.2ms)[0m  [1mCREATE TABLE "imports" ("id" INTEGER PRIMARY KEY AUTOINCREMENT NOT NULL, "row_id" integer, "text" varchar, "created_at" datetime NOT NULL, "updated_at" datetime NOT NULL) [0m
  [1m[35m (1.2ms)[0m  CREATE TABLE "schema_migrations" ("version" varchar NOT NULL) 
  [1m[36m (0.1ms)[0m  [1mselect sqlite_version(*)[0m
  [1m[35m (1.6ms)[0m  CREATE UNIQUE INDEX "unique_schema_migrations" ON "schema_migrations" ("version")
  [1m[36m (0.3ms)[0m  [1mSELECT version FROM "schema_migrations"[0m
  [1m[35m (1.3ms)[0m  INSERT INTO "schema_migrations" (version) VALUES ('20170123174122')
  [1m[36mActiveRecord::SchemaMigration Load (0.2ms)[0m  [1mSELECT "schema_migrations".* FROM "schema_migrations"[0m
  [1m[36mActiveRecord::SchemaMigration Load (0.1ms)[0m  [1mSELECT "schema_migrations".* FROM "schema_migrations"[0m
  [1m[36mActiveRecord::SchemaMigration Load (0.2ms)[0m  [1mSELECT "schema_migrations".* FROM "schema_migrations"[0m
  [1m[35m (0.1ms)[0m  begin transaction
  [1m[36m (0.1ms)[0m  [1mrollback transaction[0m
  [1m[35m (0.1ms)[0m  begin transaction
  [1m[36m (0.1ms)[0m  [1mrollback transaction[0m
  [1m[35m (0.1ms)[0m  begin transaction
  [1m[36m (0.1ms)[0m  [1mrollback transaction[0m
  [1m[35m (0.1ms)[0m  begin transaction
  [1m[36m (0.1ms)[0m  [1mrollback transaction[0m
  [1m[35m (0.1ms)[0m  begin transaction
  [1m[36m (0.1ms)[0m  [1mrollback transaction[0m
  [1m[35m (0.1ms)[0m  begin transaction
  [1m[36m (0.1ms)[0m  [1mrollback transaction[0m
  [1m[35m (0.1ms)[0m  begin transaction
  [1m[36m (0.1ms)[0m  [1mrollback transaction[0m
  [1m[35m (0.1ms)[0m  begin transaction
  [1m[36mSQL (0.6ms)[0m  [1mINSERT INTO "imports" ("text", "created_at", "updated_at") VALUES (?, ?, ?)[0m  [["text", "LI10 3QP"], ["created_at", "2017-01-26 18:42:44.061660"], ["updated_at", "2017-01-26 18:42:44.061660"]]
  [1m[35m (1.0ms)[0m  commit transaction
  [1m[36m (0.1ms)[0m  [1mbegin transaction[0m
  [1m[35mSQL (0.3ms)[0m  INSERT INTO "imports" ("text", "created_at", "updated_at") VALUES (?, ?, ?)  [["text", "LJ10 3QP"], ["created_at", "2017-01-26 18:42:44.070741"], ["updated_at", "2017-01-26 18:42:44.070741"]]
  [1m[36m (1.0ms)[0m  [1mcommit transaction[0m
  [1m[35m (0.1ms)[0m  begin transaction
  [1m[36mSQL (0.3ms)[0m  [1mINSERT INTO "imports" ("text", "created_at", "updated_at") VALUES (?, ?, ?)[0m  [["text", "LZ10 3QP"], ["created_at", "2017-01-26 18:42:44.074639"], ["updated_at", "2017-01-26 18:42:44.074639"]]
  [1m[35m (1.1ms)[0m  commit transaction
  [1m[36m (0.4ms)[0m  [1mbegin transaction[0m
  [1m[35m (0.2ms)[0m  rollback transaction
  [1m[36m (0.1ms)[0m  [1mbegin transaction[0m
  [1m[35m (0.1ms)[0m  rollback transaction
  [1m[36m (0.1ms)[0m  [1mbegin transaction[0m
  [1m[35mSQL (0.3ms)[0m  INSERT INTO "imports" ("text", "created_at", "updated_at") VALUES (?, ?, ?)  [["text", "FY10 4PL"], ["created_at", "2017-01-26 18:42:44.097694"], ["updated_at", "2017-01-26 18:42:44.097694"]]
  [1m[36m (1.1ms)[0m  [1mcommit transaction[0m
  [1m[35m (0.1ms)[0m  begin transaction
  [1m[36mSQL (0.3ms)[0m  [1mINSERT INTO "imports" ("text", "created_at", "updated_at") VALUES (?, ?, ?)[0m  [["text", "SO1 4QQ"], ["created_at", "2017-01-26 18:42:44.104957"], ["updated_at", "2017-01-26 18:42:44.104957"]]
  [1m[35m (0.9ms)[0m  commit transaction
  [1m[36m (0.1ms)[0m  [1mbegin transaction[0m
  [1m[35mSQL (0.3ms)[0m  INSERT INTO "imports" ("text", "created_at", "updated_at") VALUES (?, ?, ?)  [["text", "EC1A 1BB"], ["created_at", "2017-01-26 18:42:44.109826"], ["updated_at", "2017-01-26 18:42:44.109826"]]
  [1m[36m (1.0ms)[0m  [1mcommit transaction[0m
  [1m[35m (0.1ms)[0m  begin transaction
  [1m[36m (0.1ms)[0m  [1mrollback transaction[0m
  [1m[35m (0.1ms)[0m  begin transaction
  [1m[36mSQL (0.3ms)[0m  [1mINSERT INTO "imports" ("text", "created_at", "updated_at") VALUES (?, ?, ?)[0m  [["text", "M1 1AE"], ["created_at", "2017-01-26 18:42:44.119124"], ["updated_at", "2017-01-26 18:42:44.119124"]]
  [1m[35m (0.9ms)[0m  commit transaction
  [1m[36m (0.1ms)[0m  [1mbegin transaction[0m
  [1m[35mSQL (0.3ms)[0m  INSERT INTO "imports" ("text", "created_at", "updated_at") VALUES (?, ?, ?)  [["text", "B33 8TH"], ["created_at", "2017-01-26 18:42:44.123755"], ["updated_at", "2017-01-26 18:42:44.123755"]]
  [1m[36m (0.9ms)[0m  [1mcommit transaction[0m
  [1m[35m (0.1ms)[0m  begin transaction
  [1m[36mSQL (0.4ms)[0m  [1mINSERT INTO "imports" ("text", "created_at", "updated_at") VALUES (?, ?, ?)[0m  [["text", "CR2 6XH"], ["created_at", "2017-01-26 18:42:44.128070"], ["updated_at", "2017-01-26 18:42:44.128070"]]
  [1m[35m (1.0ms)[0m  commit transaction
  [1m[36m (1.3ms)[0m  [1mbegin transaction[0m
  [1m[35mSQL (0.3ms)[0m  INSERT INTO "imports" ("text", "created_at", "updated_at") VALUES (?, ?, ?)  [["text", "DN55 1PT"], ["created_at", "2017-01-26 18:42:44.135921"], ["updated_at", "2017-01-26 18:42:44.135921"]]
  [1m[36m (0.9ms)[0m  [1mcommit transaction[0m
  [1m[35m (0.1ms)[0m  begin transaction
  [1m[36mSQL (0.3ms)[0m  [1mINSERT INTO "imports" ("text", "created_at", "updated_at") VALUES (?, ?, ?)[0m  [["text", "GIR 0AA"], ["created_at", "2017-01-26 18:42:44.141061"], ["updated_at", "2017-01-26 18:42:44.141061"]]
  [1m[35m (0.9ms)[0m  commit transaction
  [1m[36m (0.1ms)[0m  [1mbegin transaction[0m
  [1m[35mSQL (0.3ms)[0m  INSERT INTO "imports" ("text", "created_at", "updated_at") VALUES (?, ?, ?)  [["text", "SO10 9AA"], ["created_at", "2017-01-26 18:42:44.145631"], ["updated_at", "2017-01-26 18:42:44.145631"]]
  [1m[36m (0.9ms)[0m  [1mcommit transaction[0m
  [1m[35m (0.1ms)[0m  begin transaction
  [1m[36mSQL (0.4ms)[0m  [1mINSERT INTO "imports" ("text", "created_at", "updated_at") VALUES (?, ?, ?)[0m  [["text", "FY9 9AA"], ["created_at", "2017-01-26 18:42:44.150075"], ["updated_at", "2017-01-26 18:42:44.150075"]]
  [1m[35m (0.8ms)[0m  commit transaction
  [1m[36m (0.1ms)[0m  [1mbegin transaction[0m
  [1m[35mSQL (1.1ms)[0m  INSERT INTO "imports" ("text", "created_at", "updated_at") VALUES (?, ?, ?)  [["text", "WC1A 9AA"], ["created_at", "2017-01-26 18:42:44.158276"], ["updated_at", "2017-01-26 18:42:44.158276"]]
  [1m[36m (0.9ms)[0m  [1mcommit transaction[0m
  [1m[35m (0.2ms)[0m  SELECT COUNT(*) FROM "imports"
  [1m[36mActiveRecord::SchemaMigration Load (0.2ms)[0m  [1mSELECT "schema_migrations".* FROM "schema_migrations"[0m
Migrating to CreateFaileds (20170126190159)
  [1m[35m (0.2ms)[0m  begin transaction
  [1m[36m (0.4ms)[0m  [1mCREATE TABLE "faileds" ("id" INTEGER PRIMARY KEY AUTOINCREMENT NOT NULL, "row_id" integer, "text" varchar, "created_at" datetime NOT NULL, "updated_at" datetime NOT NULL) [0m
  [1m[35mSQL (0.2ms)[0m  INSERT INTO "schema_migrations" ("version") VALUES (?)  [["version", "20170126190159"]]
  [1m[36m (1.2ms)[0m  [1mcommit transaction[0m
  [1m[35mActiveRecord::SchemaMigration Load (0.1ms)[0m  SELECT "schema_migrations".* FROM "schema_migrations"
  [1m[36m (1.4ms)[0m  [1mCREATE TABLE "faileds" ("id" INTEGER PRIMARY KEY AUTOINCREMENT NOT NULL, "row_id" integer, "text" varchar, "created_at" datetime NOT NULL, "updated_at" datetime NOT NULL) [0m
  [1m[35m (1.1ms)[0m  CREATE TABLE "imports" ("id" INTEGER PRIMARY KEY AUTOINCREMENT NOT NULL, "row_id" integer, "text" varchar, "created_at" datetime NOT NULL, "updated_at" datetime NOT NULL) 
  [1m[36m (1.0ms)[0m  [1mCREATE TABLE "schema_migrations" ("version" varchar NOT NULL) [0m
  [1m[35m (0.1ms)[0m  select sqlite_version(*)
  [1m[36m (1.2ms)[0m  [1mCREATE UNIQUE INDEX "unique_schema_migrations" ON "schema_migrations" ("version")[0m
  [1m[35m (0.2ms)[0m  SELECT version FROM "schema_migrations"
  [1m[36m (1.1ms)[0m  [1mINSERT INTO "schema_migrations" (version) VALUES ('20170126190159')[0m
  [1m[35m (1.2ms)[0m  INSERT INTO "schema_migrations" (version) VALUES ('20170123174122')
  [1m[36m (1.7ms)[0m  [1mCREATE TABLE "faileds" ("id" INTEGER PRIMARY KEY AUTOINCREMENT NOT NULL, "row_id" integer, "text" varchar, "created_at" datetime NOT NULL, "updated_at" datetime NOT NULL) [0m
  [1m[35m (2.0ms)[0m  CREATE TABLE "imports" ("id" INTEGER PRIMARY KEY AUTOINCREMENT NOT NULL, "row_id" integer, "text" varchar, "created_at" datetime NOT NULL, "updated_at" datetime NOT NULL) 
  [1m[36m (1.0ms)[0m  [1mCREATE TABLE "schema_migrations" ("version" varchar NOT NULL) [0m
  [1m[35m (0.1ms)[0m  select sqlite_version(*)
  [1m[36m (0.9ms)[0m  [1mCREATE UNIQUE INDEX "unique_schema_migrations" ON "schema_migrations" ("version")[0m
  [1m[35m (0.2ms)[0m  SELECT version FROM "schema_migrations"
  [1m[36m (1.1ms)[0m  [1mINSERT INTO "schema_migrations" (version) VALUES ('20170126190159')[0m
  [1m[35m (1.3ms)[0m  INSERT INTO "schema_migrations" (version) VALUES ('20170123174122')
  [1m[36mActiveRecord::SchemaMigration Load (0.1ms)[0m  [1mSELECT "schema_migrations".* FROM "schema_migrations"[0m
  [1m[35m (0.1ms)[0m  begin transaction
  [1m[36m (0.1ms)[0m  [1mrollback transaction[0m
  [1m[36mActiveRecord::SchemaMigration Load (0.6ms)[0m  [1mSELECT "schema_migrations".* FROM "schema_migrations"[0m
  [1m[35m (0.1ms)[0m  begin transaction
  [1m[36m (0.1ms)[0m  [1mrollback transaction[0m
  [1m[35m (0.1ms)[0m  begin transaction
  [1m[36m (0.1ms)[0m  [1mrollback transaction[0m
  [1m[35m (0.1ms)[0m  begin transaction
  [1m[36mSQL (1.4ms)[0m  [1mINSERT INTO "faileds" ("text", "created_at", "updated_at") VALUES (?, ?, ?)[0m  [["text", "$%± ()()"], ["created_at", "2017-01-26 19:13:19.817232"], ["updated_at", "2017-01-26 19:13:19.817232"]]
  [1m[35m (1.1ms)[0m  commit transaction
  [1m[36m (0.2ms)[0m  [1mbegin transaction[0m
  [1m[35m (0.1ms)[0m  rollback transaction
  [1m[36m (0.1ms)[0m  [1mbegin transaction[0m
  [1m[35m (0.1ms)[0m  rollback transaction
  [1m[36m (0.1ms)[0m  [1mbegin transaction[0m
  [1m[35mSQL (0.4ms)[0m  INSERT INTO "faileds" ("text", "created_at", "updated_at") VALUES (?, ?, ?)  [["text", "XX XXX"], ["created_at", "2017-01-26 19:13:19.835939"], ["updated_at", "2017-01-26 19:13:19.835939"]]
  [1m[36m (0.9ms)[0m  [1mcommit transaction[0m
  [1m[35m (0.1ms)[0m  begin transaction
  [1m[36m (0.1ms)[0m  [1mrollback transaction[0m
  [1m[35m (0.7ms)[0m  begin transaction
  [1m[36m (0.1ms)[0m  [1mrollback transaction[0m
  [1m[35m (0.1ms)[0m  begin transaction
  [1m[36mSQL (0.3ms)[0m  [1mINSERT INTO "faileds" ("text", "created_at", "updated_at") VALUES (?, ?, ?)[0m  [["text", "A1 9A"], ["created_at", "2017-01-26 19:13:19.848309"], ["updated_at", "2017-01-26 19:13:19.848309"]]
  [1m[35m (1.0ms)[0m  commit transaction
  [1m[36m (0.1ms)[0m  [1mbegin transaction[0m
  [1m[35m (0.1ms)[0m  rollback transaction
  [1m[36m (0.1ms)[0m  [1mbegin transaction[0m
  [1m[35m (0.1ms)[0m  rollback transaction
  [1m[36m (0.1ms)[0m  [1mbegin transaction[0m
  [1m[35mSQL (0.7ms)[0m  INSERT INTO "faileds" ("text", "created_at", "updated_at") VALUES (?, ?, ?)  [["text", "LS44PL"], ["created_at", "2017-01-26 19:13:19.860280"], ["updated_at", "2017-01-26 19:13:19.860280"]]
  [1m[36m (1.2ms)[0m  [1mcommit transaction[0m
  [1m[35m (0.1ms)[0m  begin transaction
  [1m[36m (0.1ms)[0m  [1mrollback transaction[0m
  [1m[35m (0.1ms)[0m  begin transaction
  [1m[36m (0.2ms)[0m  [1mrollback transaction[0m
  [1m[35m (0.4ms)[0m  begin transaction
  [1m[36mSQL (0.3ms)[0m  [1mINSERT INTO "faileds" ("text", "created_at", "updated_at") VALUES (?, ?, ?)[0m  [["text", "Q1A 9AA"], ["created_at", "2017-01-26 19:13:19.879670"], ["updated_at", "2017-01-26 19:13:19.879670"]]
  [1m[35m (0.9ms)[0m  commit transaction
  [1m[36m (0.1ms)[0m  [1mbegin transaction[0m
  [1m[35m (0.1ms)[0m  rollback transaction
  [1m[36m (0.8ms)[0m  [1mbegin transaction[0m
  [1m[35m (0.1ms)[0m  rollback transaction
  [1m[36m (0.1ms)[0m  [1mbegin transaction[0m
  [1m[35mSQL (0.4ms)[0m  INSERT INTO "faileds" ("text", "created_at", "updated_at") VALUES (?, ?, ?)  [["text", "V1A 9AA"], ["created_at", "2017-01-26 19:13:19.890631"], ["updated_at", "2017-01-26 19:13:19.890631"]]
  [1m[36m (1.0ms)[0m  [1mcommit transaction[0m
  [1m[35m (0.1ms)[0m  begin transaction
  [1m[36m (0.1ms)[0m  [1mrollback transaction[0m
  [1m[35m (0.1ms)[0m  begin transaction
  [1m[36m (0.1ms)[0m  [1mrollback transaction[0m
  [1m[35m (0.1ms)[0m  begin transaction
  [1m[36mSQL (0.5ms)[0m  [1mINSERT INTO "faileds" ("text", "created_at", "updated_at") VALUES (?, ?, ?)[0m  [["text", "X1A 9BB"], ["created_at", "2017-01-26 19:13:19.902938"], ["updated_at", "2017-01-26 19:13:19.902938"]]
  [1m[35m (3.0ms)[0m  commit transaction
  [1m[36m (0.1ms)[0m  [1mbegin transaction[0m
  [1m[35mSQL (0.8ms)[0m  INSERT INTO "imports" ("text", "created_at", "updated_at") VALUES (?, ?, ?)  [["text", "LI10 3QP"], ["created_at", "2017-01-26 19:13:19.909333"], ["updated_at", "2017-01-26 19:13:19.909333"]]
  [1m[36m (1.0ms)[0m  [1mcommit transaction[0m
  [1m[35m (0.2ms)[0m  begin transaction
  [1m[36m (0.1ms)[0m  [1mcommit transaction[0m
  [1m[35m (0.1ms)[0m  begin transaction
  [1m[36mSQL (0.3ms)[0m  [1mINSERT INTO "imports" ("text", "created_at", "updated_at") VALUES (?, ?, ?)[0m  [["text", "LJ10 3QP"], ["created_at", "2017-01-26 19:13:19.917805"], ["updated_at", "2017-01-26 19:13:19.917805"]]
  [1m[35m (1.0ms)[0m  commit transaction
  [1m[36m (0.1ms)[0m  [1mbegin transaction[0m
  [1m[35m (0.1ms)[0m  commit transaction
  [1m[36m (0.1ms)[0m  [1mbegin transaction[0m
  [1m[35mSQL (0.3ms)[0m  INSERT INTO "imports" ("text", "created_at", "updated_at") VALUES (?, ?, ?)  [["text", "LZ10 3QP"], ["created_at", "2017-01-26 19:13:19.923242"], ["updated_at", "2017-01-26 19:13:19.923242"]]
  [1m[36m (1.1ms)[0m  [1mcommit transaction[0m
  [1m[35m (0.1ms)[0m  begin transaction
  [1m[36m (0.1ms)[0m  [1mcommit transaction[0m
  [1m[35m (0.1ms)[0m  begin transaction
  [1m[36m (0.1ms)[0m  [1mrollback transaction[0m
  [1m[35m (0.1ms)[0m  begin transaction
  [1m[36m (0.1ms)[0m  [1mrollback transaction[0m
  [1m[35m (0.1ms)[0m  begin transaction
  [1m[36mSQL (0.3ms)[0m  [1mINSERT INTO "faileds" ("text", "created_at", "updated_at") VALUES (?, ?, ?)[0m  [["text", "A9Q 9AA"], ["created_at", "2017-01-26 19:13:19.937584"], ["updated_at", "2017-01-26 19:13:19.937584"]]
  [1m[35m (0.8ms)[0m  commit transaction
  [1m[36m (0.1ms)[0m  [1mbegin transaction[0m
  [1m[35m (0.1ms)[0m  rollback transaction
  [1m[36m (0.1ms)[0m  [1mbegin transaction[0m
  [1m[35m (0.1ms)[0m  rollback transaction
  [1m[36m (0.2ms)[0m  [1mbegin transaction[0m
  [1m[35mSQL (0.3ms)[0m  INSERT INTO "faileds" ("text", "created_at", "updated_at") VALUES (?, ?, ?)  [["text", "AA9C 9AA"], ["created_at", "2017-01-26 19:13:19.951336"], ["updated_at", "2017-01-26 19:13:19.951336"]]
  [1m[36m (0.9ms)[0m  [1mcommit transaction[0m
  [1m[35m (0.1ms)[0m  begin transaction
  [1m[36mSQL (0.3ms)[0m  [1mINSERT INTO "imports" ("text", "created_at", "updated_at") VALUES (?, ?, ?)[0m  [["text", "FY10 4PL"], ["created_at", "2017-01-26 19:13:19.955856"], ["updated_at", "2017-01-26 19:13:19.955856"]]
  [1m[35m (0.9ms)[0m  commit transaction
  [1m[36m (0.1ms)[0m  [1mbegin transaction[0m
  [1m[35m (0.1ms)[0m  commit transaction
  [1m[36m (0.6ms)[0m  [1mbegin transaction[0m
  [1m[35mSQL (0.3ms)[0m  INSERT INTO "imports" ("text", "created_at", "updated_at") VALUES (?, ?, ?)  [["text", "SO1 4QQ"], ["created_at", "2017-01-26 19:13:19.963215"], ["updated_at", "2017-01-26 19:13:19.963215"]]
  [1m[36m (1.1ms)[0m  [1mcommit transaction[0m
  [1m[35m (0.1ms)[0m  begin transaction
  [1m[36m (0.1ms)[0m  [1mcommit transaction[0m
  [1m[35m (0.1ms)[0m  begin transaction
  [1m[36mSQL (0.4ms)[0m  [1mINSERT INTO "imports" ("text", "created_at", "updated_at") VALUES (?, ?, ?)[0m  [["text", "EC1A 1BB"], ["created_at", "2017-01-26 19:13:19.971681"], ["updated_at", "2017-01-26 19:13:19.971681"]]
  [1m[35m (1.4ms)[0m  commit transaction
  [1m[36m (0.1ms)[0m  [1mbegin transaction[0m
  [1m[35m (0.1ms)[0m  commit transaction
  [1m[36m (0.1ms)[0m  [1mbegin transaction[0m
  [1m[35m (0.1ms)[0m  rollback transaction
  [1m[36m (0.1ms)[0m  [1mbegin transaction[0m
  [1m[35m (0.1ms)[0m  rollback transaction
  [1m[36m (0.1ms)[0m  [1mbegin transaction[0m
  [1m[35mSQL (0.3ms)[0m  INSERT INTO "faileds" ("text", "created_at", "updated_at") VALUES (?, ?, ?)  [["text", "W1A 0AX"], ["created_at", "2017-01-26 19:13:19.985156"], ["updated_at", "2017-01-26 19:13:19.985156"]]
  [1m[36m (2.0ms)[0m  [1mcommit transaction[0m
  [1m[35m (0.2ms)[0m  begin transaction
  [1m[36mSQL (0.4ms)[0m  [1mINSERT INTO "imports" ("text", "created_at", "updated_at") VALUES (?, ?, ?)[0m  [["text", "M1 1AE"], ["created_at", "2017-01-26 19:13:19.992214"], ["updated_at", "2017-01-26 19:13:19.992214"]]
  [1m[35m (1.0ms)[0m  commit transaction
  [1m[36m (0.2ms)[0m  [1mbegin transaction[0m
  [1m[35m (0.1ms)[0m  commit transaction
  [1m[36m (0.1ms)[0m  [1mbegin transaction[0m
  [1m[35mSQL (0.3ms)[0m  INSERT INTO "imports" ("text", "created_at", "updated_at") VALUES (?, ?, ?)  [["text", "B33 8TH"], ["created_at", "2017-01-26 19:13:19.999265"], ["updated_at", "2017-01-26 19:13:19.999265"]]
  [1m[36m (0.9ms)[0m  [1mcommit transaction[0m
  [1m[35m (0.1ms)[0m  begin transaction
  [1m[36m (0.1ms)[0m  [1mcommit transaction[0m
  [1m[35m (0.1ms)[0m  begin transaction
  [1m[36mSQL (0.3ms)[0m  [1mINSERT INTO "imports" ("text", "created_at", "updated_at") VALUES (?, ?, ?)[0m  [["text", "CR2 6XH"], ["created_at", "2017-01-26 19:13:20.006126"], ["updated_at", "2017-01-26 19:13:20.006126"]]
  [1m[35m (0.9ms)[0m  commit transaction
  [1m[36m (0.2ms)[0m  [1mbegin transaction[0m
  [1m[35m (0.2ms)[0m  commit transaction
  [1m[36m (0.1ms)[0m  [1mbegin transaction[0m
  [1m[35mSQL (0.3ms)[0m  INSERT INTO "imports" ("text", "created_at", "updated_at") VALUES (?, ?, ?)  [["text", "DN55 1PT"], ["created_at", "2017-01-26 19:13:20.013947"], ["updated_at", "2017-01-26 19:13:20.013947"]]
  [1m[36m (0.9ms)[0m  [1mcommit transaction[0m
  [1m[35m (0.1ms)[0m  begin transaction
  [1m[36m (0.1ms)[0m  [1mcommit transaction[0m
  [1m[35m (0.1ms)[0m  begin transaction
  [1m[36mSQL (0.3ms)[0m  [1mINSERT INTO "imports" ("text", "created_at", "updated_at") VALUES (?, ?, ?)[0m  [["text", "GIR 0AA"], ["created_at", "2017-01-26 19:13:20.020132"], ["updated_at", "2017-01-26 19:13:20.020132"]]
  [1m[35m (0.9ms)[0m  commit transaction
  [1m[36m (0.1ms)[0m  [1mbegin transaction[0m
  [1m[35m (0.1ms)[0m  commit transaction
  [1m[36m (3.3ms)[0m  [1mbegin transaction[0m
  [1m[35mSQL (0.3ms)[0m  INSERT INTO "imports" ("text", "created_at", "updated_at") VALUES (?, ?, ?)  [["text", "SO10 9AA"], ["created_at", "2017-01-26 19:13:20.029375"], ["updated_at", "2017-01-26 19:13:20.029375"]]
  [1m[36m (0.8ms)[0m  [1mcommit transaction[0m
  [1m[35m (0.6ms)[0m  begin transaction
  [1m[36m (0.1ms)[0m  [1mcommit transaction[0m
  [1m[35m (0.1ms)[0m  begin transaction
  [1m[36mSQL (0.3ms)[0m  [1mINSERT INTO "imports" ("text", "created_at", "updated_at") VALUES (?, ?, ?)[0m  [["text", "FY9 9AA"], ["created_at", "2017-01-26 19:13:20.035830"], ["updated_at", "2017-01-26 19:13:20.035830"]]
  [1m[35m (0.9ms)[0m  commit transaction
  [1m[36m (0.1ms)[0m  [1mbegin transaction[0m
  [1m[35m (0.1ms)[0m  commit transaction
  [1m[36m (0.2ms)[0m  [1mbegin transaction[0m
  [1m[35mSQL (0.4ms)[0m  INSERT INTO "imports" ("text", "created_at", "updated_at") VALUES (?, ?, ?)  [["text", "WC1A 9AA"], ["created_at", "2017-01-26 19:13:20.043653"], ["updated_at", "2017-01-26 19:13:20.043653"]]
  [1m[36m (1.8ms)[0m  [1mcommit transaction[0m
  [1m[35m (0.1ms)[0m  begin transaction
  [1m[36m (0.1ms)[0m  [1mcommit transaction[0m
  [1m[35m (0.1ms)[0m  SELECT COUNT(*) FROM "imports"
  [1m[36m (0.1ms)[0m  [1mSELECT COUNT(*) FROM "faileds"[0m
